# JRE version: OpenJDK Runtime Environment (11.0.10) (build 11.0.10+0-b96-7249189)
# Java VM: OpenJDK 64-Bit Server VM (11.0.10+0-b96-7249189, mixed mode, tiered, compressed oops, g1 gc, windows-amd64)
Heap:
 garbage-first heap   total 522240K, used 167294K [0x0000000080000000, 0x0000000100000000)
  region size 1024K, 66 young (67584K), 7 survivors (7168K)
 Metaspace       used 81792K, capacity 83887K, committed 84096K, reserved 1122304K
  class space    used 10506K, capacity 11307K, committed 11392K, reserved 1048576K
GC Heap History (17 events):
Event: 1.013 GC heap before
{Heap before GC invocations=0 (full 0):
 garbage-first heap   total 522240K, used 31744K [0x0000000080000000, 0x0000000100000000)
  region size 1024K, 25 young (25600K), 0 survivors (0K)
 Metaspace       used 10203K, capacity 10421K, committed 10624K, reserved 1058816K
  class space    used 1064K, capacity 1139K, committed 1152K, reserved 1048576K
}
Event: 1.023 GC heap after
{Heap after GC invocations=1 (full 0):
 garbage-first heap   total 522240K, used 9298K [0x0000000080000000, 0x0000000100000000)
  region size 1024K, 4 young (4096K), 4 survivors (4096K)
 Metaspace       used 10203K, capacity 10421K, committed 10624K, reserved 1058816K
  class space    used 1064K, capacity 1139K, committed 1152K, reserved 1048576K
}
Event: 4.866 GC heap before
{Heap before GC invocations=1 (full 0):
 garbage-first heap   total 522240K, used 102482K [0x0000000080000000, 0x0000000100000000)
  region size 1024K, 96 young (98304K), 4 survivors (4096K)
 Metaspace       used 20595K, capacity 21091K, committed 21248K, reserved 1067008K
  class space    used 2502K, capacity 2705K, committed 2816K, reserved 1048576K
}
Event: 4.877 GC heap after
{Heap after GC invocations=2 (full 0):
 garbage-first heap   total 522240K, used 16670K [0x0000000080000000, 0x0000000100000000)
  region size 1024K, 12 young (12288K), 12 survivors (12288K)
 Metaspace       used 20595K, capacity 21091K, committed 21248K, reserved 1067008K
  class space    used 2502K, capacity 2705K, committed 2816K, reserved 1048576K
}
Event: 5.355 GC heap before
{Heap before GC invocations=3 (full 0):
 garbage-first heap   total 522240K, used 50462K [0x0000000080000000, 0x0000000100000000)
  region size 1024K, 45 young (46080K), 12 survivors (12288K)
 Metaspace       used 23760K, capacity 24355K, committed 24448K, reserved 1071104K
  class space    used 3020K, capacity 3200K, committed 3200K, reserved 1048576K
}
Event: 5.364 GC heap after
{Heap after GC invocations=4 (full 0):
 garbage-first heap   total 522240K, used 17796K [0x0000000080000000, 0x0000000100000000)
  region size 1024K, 2 young (2048K), 2 survivors (2048K)
 Metaspace       used 23760K, capacity 24355K, committed 24448K, reserved 1071104K
  class space    used 3020K, capacity 3200K, committed 3200K, reserved 1048576K
}
Event: 7.271 GC heap before
{Heap before GC invocations=4 (full 0):
 garbage-first heap   total 522240K, used 103812K [0x0000000080000000, 0x0000000100000000)
  region size 1024K, 82 young (83968K), 2 survivors (2048K)
 Metaspace       used 34715K, capacity 35714K, committed 35840K, reserved 1081344K
  class space    used 4513K, capacity 4852K, committed 4864K, reserved 1048576K
}
Event: 7.284 GC heap after
{Heap after GC invocations=5 (full 0):
 garbage-first heap   total 522240K, used 27618K [0x0000000080000000, 0x0000000100000000)
  region size 1024K, 6 young (6144K), 6 survivors (6144K)
 Metaspace       used 34715K, capacity 35714K, committed 35840K, reserved 1081344K
  class space    used 4513K, capacity 4852K, committed 4864K, reserved 1048576K
}
Event: 11.384 GC heap before
{Heap before GC invocations=6 (full 0):
 garbage-first heap   total 522240K, used 152546K [0x0000000080000000, 0x0000000100000000)
  region size 1024K, 125 young (128000K), 6 survivors (6144K)
 Metaspace       used 46410K, capacity 47570K, committed 47744K, reserved 1091584K
  class space    used 6031K, capacity 6450K, committed 6528K, reserved 1048576K
}
Event: 11.398 GC heap after
{Heap after GC invocations=7 (full 0):
 garbage-first heap   total 522240K, used 35775K [0x0000000080000000, 0x0000000100000000)
  region size 1024K, 14 young (14336K), 14 survivors (14336K)
 Metaspace       used 46410K, capacity 47570K, committed 47744K, reserved 1091584K
  class space    used 6031K, capacity 6450K, committed 6528K, reserved 1048576K
}
Event: 22.428 GC heap before
{Heap before GC invocations=7 (full 0):
 garbage-first heap   total 522240K, used 194495K [0x0000000080000000, 0x0000000100000000)
  region size 1024K, 160 young (163840K), 14 survivors (14336K)
 Metaspace       used 55994K, capacity 57583K, committed 57728K, reserved 1099776K
  class space    used 7164K, capacity 7771K, committed 7808K, reserved 1048576K
}
Event: 22.449 GC heap after
{Heap after GC invocations=8 (full 0):
 garbage-first heap   total 522240K, used 55453K [0x0000000080000000, 0x0000000100000000)
  region size 1024K, 20 young (20480K), 20 survivors (20480K)
 Metaspace       used 55994K, capacity 57583K, committed 57728K, reserved 1099776K
  class space    used 7164K, capacity 7771K, committed 7808K, reserved 1048576K
}
Event: 22.796 GC heap before
{Heap before GC invocations=8 (full 0):
 garbage-first heap   total 522240K, used 70813K [0x0000000080000000, 0x0000000100000000)
  region size 1024K, 36 young (36864K), 20 survivors (20480K)
 Metaspace       used 58172K, capacity 59751K, committed 59904K, reserved 1101824K
  class space    used 7453K, capacity 8067K, committed 8192K, reserved 1048576K
}
Event: 22.824 GC heap after
{Heap after GC invocations=9 (full 0):
 garbage-first heap   total 522240K, used 56309K [0x0000000080000000, 0x0000000100000000)
  region size 1024K, 21 young (21504K), 21 survivors (21504K)
 Metaspace       used 58172K, capacity 59751K, committed 59904K, reserved 1101824K
  class space    used 7453K, capacity 8067K, committed 8192K, reserved 1048576K
}
Event: 68.371 GC heap before
{Heap before GC invocations=10 (full 0):
 garbage-first heap   total 522240K, used 383989K [0x0000000080000000, 0x0000000100000000)
  region size 1024K, 306 young (313344K), 21 survivors (21504K)
 Metaspace       used 80872K, capacity 82879K, committed 83072K, reserved 1120256K
  class space    used 10492K, capacity 11284K, committed 11392K, reserved 1048576K
}
Event: 68.401 GC heap after
{Heap after GC invocations=11 (full 0):
 garbage-first heap   total 522240K, used 74175K [0x0000000080000000, 0x0000000100000000)
  region size 1024K, 38 young (38912K), 38 survivors (38912K)
 Metaspace       used 80872K, capacity 82879K, committed 83072K, reserved 1120256K
  class space    used 10492K, capacity 11284K, committed 11392K, reserved 1048576K
}
Event: 662.552 GC heap before
{Heap before GC invocations=11 (full 0):
 garbage-first heap   total 522240K, used 166335K [0x0000000080000000, 0x0000000100000000)
  region size 1024K, 97 young (99328K), 38 survivors (38912K)
 Metaspace       used 81792K, capacity 83887K, committed 84096K, reserved 1122304K
  class space    used 10506K, capacity 11307K, committed 11392K, reserved 1048576K
}

